<?xml version="1.0" encoding="UTF-8"?>
<testng-results ignored="0" total="1" passed="1" failed="0" skipped="0">
  <reporter-output>
  </reporter-output>
  <suite started-at="2020-10-04T17:55:11 IST" name="Command line suite" finished-at="2020-10-04T17:55:11 IST" duration-ms="99">
    <groups>
    </groups>
    <test started-at="2020-10-04T17:55:11 IST" name="Command line test" finished-at="2020-10-04T17:55:11 IST" duration-ms="99">
      <class name="AjayDhote.MavenJava.AppTest">
        <test-method signature="testApp()" started-at="2020-10-04T17:55:11 IST" name="testApp" finished-at="2020-10-04T17:55:11 IST" duration-ms="43" status="PASS">
          <reporter-output>
          </reporter-output>
        </test-method> <!-- testApp -->
      </class> <!-- AjayDhote.MavenJava.AppTest -->
    </test> <!-- Command line test -->
  </suite> <!-- Command line suite -->
</testng-results>
