<?xml version="1.0" encoding="UTF-8"?>
<!-- Generated by org.testng.reporters.JUnitXMLReporter -->
<testsuite ignored="0" hostname="LAPTOP-0FPC52LK" failures="0" tests="6" name="Test" time="0.1" errors="0" timestamp="2020-10-07T12:43:31 IST">
  <testcase classname="AjayDhote.MavenJava.WebTest" name="test05" time="0.017"/>
  <testcase classname="AjayDhote.MavenJava.WebTest" name="test06" time="0.002"/>
  <testcase classname="AjayDhote.MavenJava.APITest" name="test03" time="0.002"/>
  <testcase classname="AjayDhote.MavenJava.APITest" name="test04" time="0.003"/>
  <testcase classname="AjayDhote.MavenJava.FunctionalTest" name="test01" time="0.002"/>
  <testcase classname="AjayDhote.MavenJava.FunctionalTest" name="test02" time="0.003"/>
</testsuite> <!-- Test -->
