<?xml version="1.0" encoding="UTF-8"?>
<!-- Generated by org.testng.reporters.JUnitXMLReporter -->
<testsuite ignored="0" hostname="LAPTOP-0FPC52LK" failures="0" tests="6" name="Test" time="0.076" errors="0" timestamp="2020-10-04T17:57:51 IST">
  <testcase classname="AjayDhote.MavenJava.WebTest" name="test05" time="0.006"/>
  <testcase classname="AjayDhote.MavenJava.WebTest" name="test06" time="0.0"/>
  <testcase classname="AjayDhote.MavenJava.APITest" name="test03" time="0.0"/>
  <testcase classname="AjayDhote.MavenJava.APITest" name="test04" time="0.0"/>
  <testcase classname="AjayDhote.MavenJava.FunctionalTest" name="test01" time="0.001"/>
  <testcase classname="AjayDhote.MavenJava.FunctionalTest" name="test02" time="0.001"/>
</testsuite> <!-- Test -->
