<?xml version="1.0" encoding="UTF-8"?>
<!-- Generated by org.testng.reporters.JUnitXMLReporter -->
<testsuite ignored="0" hostname="LAPTOP-0FPC52LK" failures="0" tests="6" name="Command line test" time="0.144" errors="0" timestamp="2020-10-04T17:55:10 IST">
  <testcase classname="AjayDhote.MavenJava.APITest" name="test03" time="0.007"/>
  <testcase classname="AjayDhote.MavenJava.APITest" name="test04" time="0.0"/>
  <testcase classname="AjayDhote.MavenJava.FunctionalTest" name="test01" time="0.003"/>
  <testcase classname="AjayDhote.MavenJava.FunctionalTest" name="test02" time="0.0"/>
  <testcase classname="AjayDhote.MavenJava.WebTest" name="test05" time="0.0"/>
  <testcase classname="AjayDhote.MavenJava.WebTest" name="test06" time="0.0"/>
</testsuite> <!-- Command line test -->
