<?xml version="1.0" encoding="UTF-8"?>
<testsuite xmlns:xsi="http://www.w3.org/2001/XMLSchema-instance" xsi:noNamespaceSchemaLocation="https://maven.apache.org/surefire/maven-surefire-plugin/xsd/surefire-test-report-3.0.xsd" version="3.0" name="TestSuite" time="1.23" tests="6" errors="0" skipped="0" failures="0">
  <properties>
[...]
</properties>
  <testcase name="test05" classname="AjayDhote.MavenJava.WebTest" time="0.009">
    <system-out><![CDATA[test 5 pass
]]></system-out>
  </testcase>
  <testcase name="test06" classname="AjayDhote.MavenJava.WebTest" time="0.001">
    <system-out><![CDATA[test 6 pass
]]></system-out>
  </testcase>
  <testcase name="test03" classname="AjayDhote.MavenJava.APITest" time="0.003">
    <system-out><![CDATA[test 3 pass
]]></system-out>
  </testcase>
  <testcase name="test04" classname="AjayDhote.MavenJava.APITest" time="0.003">
    <system-out><![CDATA[test 4 pass
]]></system-out>
  </testcase>
  <testcase name="test01" classname="AjayDhote.MavenJava.FunctionalTest" time="0.002">
    <system-out><![CDATA[test 1 pass
]]></system-out>
  </testcase>
  <testcase name="test02" classname="AjayDhote.MavenJava.FunctionalTest" time="0.002">
    <system-out><![CDATA[test 2 pass
]]></system-out>
  </testcase>
</testsuite>