<?xml version="1.0" encoding="UTF-8"?>
<testng-results ignored="0" total="6" passed="6" failed="0" skipped="0">
  <reporter-output>
  </reporter-output>
  <suite started-at="2020-10-04T17:57:51 IST" name="Suite" finished-at="2020-10-04T17:57:51 IST" duration-ms="76">
    <groups>
    </groups>
    <test started-at="2020-10-04T17:57:51 IST" name="Test" finished-at="2020-10-04T17:57:51 IST" duration-ms="76">
      <class name="AjayDhote.MavenJava.WebTest">
        <test-method signature="test05()[pri:0, instance:AjayDhote.MavenJava.WebTest@503f91c3]" started-at="2020-10-04T17:57:51 IST" name="test05" finished-at="2020-10-04T17:57:51 IST" duration-ms="6" status="PASS">
          <reporter-output>
          </reporter-output>
        </test-method> <!-- test05 -->
        <test-method signature="test06()[pri:0, instance:AjayDhote.MavenJava.WebTest@503f91c3]" started-at="2020-10-04T17:57:51 IST" name="test06" finished-at="2020-10-04T17:57:51 IST" duration-ms="0" status="PASS">
          <reporter-output>
          </reporter-output>
        </test-method> <!-- test06 -->
      </class> <!-- AjayDhote.MavenJava.WebTest -->
      <class name="AjayDhote.MavenJava.APITest">
        <test-method signature="test03()[pri:0, instance:AjayDhote.MavenJava.APITest@13526e59]" started-at="2020-10-04T17:57:51 IST" name="test03" finished-at="2020-10-04T17:57:51 IST" duration-ms="0" status="PASS">
          <reporter-output>
          </reporter-output>
        </test-method> <!-- test03 -->
        <test-method signature="test04()[pri:0, instance:AjayDhote.MavenJava.APITest@13526e59]" started-at="2020-10-04T17:57:51 IST" name="test04" finished-at="2020-10-04T17:57:51 IST" duration-ms="0" status="PASS">
          <reporter-output>
          </reporter-output>
        </test-method> <!-- test04 -->
      </class> <!-- AjayDhote.MavenJava.APITest -->
      <class name="AjayDhote.MavenJava.FunctionalTest">
        <test-method signature="test01()[pri:0, instance:AjayDhote.MavenJava.FunctionalTest@2235eaab]" started-at="2020-10-04T17:57:51 IST" name="test01" finished-at="2020-10-04T17:57:51 IST" duration-ms="1" status="PASS">
          <reporter-output>
          </reporter-output>
        </test-method> <!-- test01 -->
        <test-method signature="test02()[pri:0, instance:AjayDhote.MavenJava.FunctionalTest@2235eaab]" started-at="2020-10-04T17:57:51 IST" name="test02" finished-at="2020-10-04T17:57:51 IST" duration-ms="1" status="PASS">
          <reporter-output>
          </reporter-output>
        </test-method> <!-- test02 -->
      </class> <!-- AjayDhote.MavenJava.FunctionalTest -->
    </test> <!-- Test -->
  </suite> <!-- Suite -->
</testng-results>
